<?xml version="1.0" encoding="UTF-8"?>
<!-- Generated by org.testng.reporters.JUnitXMLReporter -->
<testsuite hostname="Ty-Deepak-Tr" ignored="6" name="Test" tests="2" failures="0" timestamp="01 Feb 2021 07:55:39 GMT" time="56.353" errors="0">
  <testcase name="createContactTest" time="18.345" classname="com.crm.autodesk.contacttest.CreateContact"/>
  <testcase name="createProductWithUnitPRiceTest" time="12.01" classname="com.crm.autodesk.producttest.ProductTest"/>
  <testcase name="@BeforeTest configBT" time="0.0" classname="com.crm.autodesk.genericlib.BaseClass">
    <ignored/>
  </testcase> <!-- @BeforeTest configBT -->
  <testcase name="createContactWitORgTest" time="0.0" classname="com.crm.autodesk.contacttest.CreateContact">
    <ignored/>
  </testcase> <!-- createContactWitORgTest -->
  <testcase name="@AfterSuite configAS" time="0.0" classname="com.crm.autodesk.genericlib.BaseClass">
    <ignored/>
  </testcase> <!-- @AfterSuite configAS -->
  <testcase name="@BeforeSuite configBS" time="0.0" classname="com.crm.autodesk.genericlib.BaseClass">
    <ignored/>
  </testcase> <!-- @BeforeSuite configBS -->
  <testcase name="@AfterTest configAT" time="0.0" classname="com.crm.autodesk.genericlib.BaseClass">
    <ignored/>
  </testcase> <!-- @AfterTest configAT -->
  <testcase name="createProductTest" time="0.0" classname="com.crm.autodesk.producttest.ProductTest">
    <ignored/>
  </testcase> <!-- createProductTest -->
</testsuite> <!-- Test -->
